<?xml version="1.0" encoding="UTF-8"?>
<testsuite xmlns:xsi="http://www.w3.org/2001/XMLSchema-instance" xsi:noNamespaceSchemaLocation="https://maven.apache.org/surefire/maven-failsafe-plugin/xsd/failsafe-test-report.xsd" name="| Learn HTML | vu_456 | password456 |" time="6.252" tests="5" errors="0" skipped="0" failures="0">
  <properties>
[...]
</properties>
  <testcase name="| Learn HTML | vu_456 | password456 |" classname="| Learn HTML | vu_456 | password456 |" time="0"/>
  <testcase name="Given User is on Home screen" classname="| Learn HTML | vu_456 | password456 |" time="0"/>
  <testcase name="When User click on &quot;Learn HTML&quot; label" classname="| Learn HTML | vu_456 | password456 |" time="0"/>
  <testcase name="And User input valid &quot;vu_456&quot; and &quot;password456&quot;" classname="| Learn HTML | vu_456 | password456 |" time="0"/>
  <testcase name="Then Title is displayed correctly" classname="| Learn HTML | vu_456 | password456 |" time="0"/>
</testsuite>